<?xml version="1.0" encoding="UTF-8"?>
<!-- Generated by org.testng.reporters.JUnitXMLReporter -->
<testsuite ignored="4" hostname="Umagowtham" failures="0" tests="1" name="Default test(failed)" time="0.031" errors="0" timestamp="10 Apr 2021 05:18:06 GMT">
  <testcase classname="org.rerun.SampleClass" name="tc22" time="0.008"/>
  <testcase classname="org.rerun.SampleClass" name="tc20" time="0.0">
    <ignored/>
  </testcase> <!-- tc20 -->
  <testcase classname="org.rerun.SampleClass" name="tc24" time="0.0">
    <ignored/>
  </testcase> <!-- tc24 -->
  <testcase classname="org.rerun.SampleClass" name="tc21" time="0.0">
    <ignored/>
  </testcase> <!-- tc21 -->
  <testcase classname="org.rerun.SampleClass" name="tc23" time="0.0">
    <ignored/>
  </testcase> <!-- tc23 -->
</testsuite> <!-- Default test(failed) -->
