<?xml version="1.0" encoding="UTF-8"?>
<!-- Generated by org.testng.reporters.JUnitXMLReporter -->
<testsuite ignored="0" hostname="Umagowtham" failures="0" tests="3" name="Test" time="5.495" errors="0" timestamp="11 Apr 2021 06:02:41 GMT">
  <testcase classname="org.extent.TravelBooking" name="aFirstpage" time="0.05"/>
  <testcase classname="org.extent.TravelBooking" name="bsecpage" time="1.07"/>
  <testcase classname="org.extent.TravelBooking" name="flights" time="0.206"/>
</testsuite> <!-- Test -->
