<?xml version="1.0" encoding="UTF-8"?>
<testng-results ignored="0" total="3" passed="3" failed="0" skipped="0">
  <reporter-output>
  </reporter-output>
  <suite started-at="2021-04-11T06:02:36Z" name="Suite" finished-at="2021-04-11T06:02:41Z" duration-ms="5495">
    <groups>
    </groups>
    <test started-at="2021-04-11T06:02:36Z" name="Test" finished-at="2021-04-11T06:02:41Z" duration-ms="5495">
      <class name="org.extent.TravelBooking">
        <test-method is-config="true" signature="beforClassMethod()[pri:0, instance:org.extent.TravelBooking@53251a66]" started-at="2021-04-11T06:02:36Z" name="beforClassMethod" finished-at="2021-04-11T06:02:40Z" duration-ms="3755" status="PASS">
          <reporter-output>
          </reporter-output>
        </test-method> <!-- beforClassMethod -->
        <test-method signature="aFirstpage()[pri:0, instance:org.extent.TravelBooking@53251a66]" started-at="2021-04-11T06:02:40Z" name="aFirstpage" finished-at="2021-04-11T06:02:40Z" duration-ms="50" status="PASS">
          <reporter-output>
          </reporter-output>
        </test-method> <!-- aFirstpage -->
        <test-method signature="bsecpage(java.lang.String, java.lang.String)[pri:0, instance:org.extent.TravelBooking@53251a66]" started-at="2021-04-11T06:02:40Z" name="bsecpage" finished-at="2021-04-11T06:02:41Z" duration-ms="1070" status="PASS">
          <params>
            <param index="0">
              <value>
                <![CDATA[Mexico City]]>
              </value>
            </param>
            <param index="1">
              <value>
                <![CDATA[Berlin]]>
              </value>
            </param>
          </params>
          <reporter-output>
          </reporter-output>
        </test-method> <!-- bsecpage -->
        <test-method signature="flights()[pri:0, instance:org.extent.TravelBooking@53251a66]" started-at="2021-04-11T06:02:41Z" name="flights" finished-at="2021-04-11T06:02:41Z" duration-ms="206" status="PASS">
          <reporter-output>
          </reporter-output>
        </test-method> <!-- flights -->
        <test-method is-config="true" signature="afterclass()[pri:0, instance:org.extent.TravelBooking@53251a66]" started-at="2021-04-11T06:02:41Z" name="afterclass" finished-at="2021-04-11T06:02:41Z" duration-ms="371" status="PASS">
          <reporter-output>
          </reporter-output>
        </test-method> <!-- afterclass -->
      </class> <!-- org.extent.TravelBooking -->
    </test> <!-- Test -->
  </suite> <!-- Suite -->
</testng-results>
